2021-04-05 11:12:12,973 [main] INFO stepDefinitions.Steps - Test Message of log
2021-04-05 11:34:29,627 [main] INFO stepDefinitions.Steps - Test Message of log
2021-04-05 11:34:31,768 [main] INFO stepDefinitions.Steps - User Open the browser...
2021-04-05 11:34:32,931 [main] INFO stepDefinitions.Steps - User Open the url from browser...
2021-04-05 11:34:33,772 [main] INFO stepDefinitions.Steps - User key in destination...
2021-04-05 11:34:36,726 [main] INFO stepDefinitions.Steps - User click direction...
2021-04-05 11:34:37,131 [main] INFO stepDefinitions.Steps - User key on starting point...
2021-04-05 11:34:37,225 [main] INFO stepDefinitions.Steps - User key on travel mode...
2021-04-05 11:34:38,236 [main] INFO pageObjects.GoogleMapPage - Time Details :18 min
2021-04-05 11:34:38,353 [main] INFO pageObjects.GoogleMapPage - Route Details :Fastest route, lighter traffic than usual
2021-04-05 11:34:38,452 [main] INFO pageObjects.GoogleMapPage - Traffic Details :via CTE
2021-04-05 11:34:38,453 [main] INFO pageObjects.GoogleMapPage - assertion Value :true
2021-04-05 11:34:38,455 [main] INFO stepDefinitions.Steps - Verify the search results..
2021-04-05 11:40:14,950 [main] INFO stepDefinitions.Steps - Test Message of log
2021-04-05 11:40:16,769 [main] INFO stepDefinitions.Steps - User Open the browser...
2021-04-05 11:40:18,292 [main] INFO stepDefinitions.Steps - User Open the url from browser...
2021-04-05 11:40:19,192 [main] INFO stepDefinitions.Steps - User key in destination...
2021-04-05 11:40:21,909 [main] INFO stepDefinitions.Steps - User click direction...
2021-04-05 11:40:22,358 [main] INFO stepDefinitions.Steps - User key on starting point...
2021-04-05 11:40:22,450 [main] INFO stepDefinitions.Steps - User key on travel mode...
2021-04-05 11:40:23,393 [main] INFO pageObjects.GoogleMapPage - Time Details :19 min
2021-04-05 11:40:23,482 [main] INFO pageObjects.GoogleMapPage - Route Details :Fastest route, despite the usual traffic
2021-04-05 11:40:23,627 [main] INFO pageObjects.GoogleMapPage - Traffic Details :via CTE
2021-04-05 11:40:23,628 [main] INFO pageObjects.GoogleMapPage - assertion Value :true
2021-04-05 11:40:23,631 [main] INFO stepDefinitions.Steps - Verify the search results..
2021-04-05 11:56:01,045 [main] INFO stepDefinitions.Steps - Test Message of log
2021-04-05 11:56:02,900 [main] INFO stepDefinitions.Steps - User Open the browser...
2021-04-05 11:56:04,612 [main] INFO stepDefinitions.Steps - User Open the url from browser...
2021-04-05 11:56:05,013 [main] INFO stepDefinitions.Steps - User key in destination...
2021-04-05 11:56:07,481 [main] INFO stepDefinitions.Steps - User click direction...
2021-04-05 11:56:07,935 [main] INFO stepDefinitions.Steps - User key on starting point...
2021-04-05 11:56:08,027 [main] INFO stepDefinitions.Steps - User key on travel mode...
2021-04-05 11:56:09,852 [main] INFO pageObjects.GoogleMapPage - Time Details :20 min
2021-04-05 11:56:09,904 [main] INFO pageObjects.GoogleMapPage - Route Details :Fastest route, despite the usual traffic
2021-04-05 11:56:09,935 [main] INFO pageObjects.GoogleMapPage - Traffic Details :via CTE
2021-04-05 11:56:09,936 [main] INFO pageObjects.GoogleMapPage - assertion Value :false
2021-04-05 11:57:28,440 [main] INFO stepDefinitions.Steps - Test Message of log
2021-04-05 11:57:30,265 [main] INFO stepDefinitions.Steps - User Open the browser...
2021-04-05 11:57:31,444 [main] INFO stepDefinitions.Steps - User Open the url from browser...
2021-04-05 11:57:32,211 [main] INFO stepDefinitions.Steps - User key in destination...
2021-04-05 11:57:35,041 [main] INFO stepDefinitions.Steps - User click direction...
2021-04-05 11:57:35,442 [main] INFO stepDefinitions.Steps - User key on starting point...
2021-04-05 11:57:35,555 [main] INFO stepDefinitions.Steps - User key on travel mode...
2021-04-05 11:57:36,466 [main] INFO pageObjects.GoogleMapPage - Time Details :18 min
2021-04-05 11:57:36,614 [main] INFO pageObjects.GoogleMapPage - Route Details :Fastest route, despite the usual traffic
2021-04-05 11:57:36,745 [main] INFO pageObjects.GoogleMapPage - Traffic Details :via Lower Delta Rd
2021-04-05 11:57:36,746 [main] INFO pageObjects.GoogleMapPage - assertion Value :true
2021-04-05 11:57:36,749 [main] INFO stepDefinitions.Steps - Verify the search results..
2021-04-05 12:28:02,191 [main] INFO stepDefinitions.Steps - Test Message of log
2021-04-05 12:28:04,100 [main] INFO stepDefinitions.Steps - User Open the browser...
2021-04-05 12:28:05,366 [main] INFO stepDefinitions.Steps - User Open the url from browser...
2021-04-05 12:28:06,129 [main] INFO stepDefinitions.Steps - User key in destination...
2021-04-05 12:28:08,805 [main] INFO stepDefinitions.Steps - User click direction...
2021-04-05 12:28:09,256 [main] INFO stepDefinitions.Steps - User key on starting point...
2021-04-05 12:28:09,345 [main] INFO stepDefinitions.Steps - User key on travel mode...
2021-04-05 12:28:10,289 [main] INFO pageObjects.GoogleMapPage - Time Details :17 min
2021-04-05 12:28:10,411 [main] INFO pageObjects.GoogleMapPage - Route Details :Fastest route, despite the usual traffic
2021-04-05 12:28:10,543 [main] INFO pageObjects.GoogleMapPage - Traffic Details :via Lower Delta Rd
2021-04-05 12:28:10,544 [main] INFO pageObjects.GoogleMapPage - assertion Value :true
2021-04-05 12:28:10,547 [main] INFO stepDefinitions.Steps - Verify the search results..
2021-04-05 12:40:59,674 [main] INFO stepDefinitions.Steps - Test Message of log
2021-04-05 12:41:01,882 [main] INFO stepDefinitions.Steps - User Open the browser...
2021-04-05 12:41:03,089 [main] INFO stepDefinitions.Steps - User Open the url from browser...
2021-04-05 12:41:03,855 [main] INFO stepDefinitions.Steps - User key in destination...
2021-04-05 12:41:06,431 [main] INFO stepDefinitions.Steps - User click direction...
2021-04-05 12:41:06,976 [main] INFO stepDefinitions.Steps - User key on starting point...
2021-04-05 12:41:07,256 [main] INFO stepDefinitions.Steps - User key on travel mode...
2021-04-05 12:41:08,261 [main] INFO pageObjects.GoogleMapPage - Time Details :16 min
2021-04-05 12:41:08,381 [main] INFO pageObjects.GoogleMapPage - Route Details :Fastest route, despite the usual traffic
2021-04-05 12:41:08,496 [main] INFO pageObjects.GoogleMapPage - Traffic Details :via Lower Delta Rd
2021-04-05 12:41:08,496 [main] INFO pageObjects.GoogleMapPage - assertion Value :true
2021-04-05 12:41:08,499 [main] INFO stepDefinitions.Steps - Verify the search results..
2021-04-05 12:53:01,681 [main] INFO stepDefinitions.Steps - Test Message of log
2021-04-05 12:54:09,291 [main] INFO stepDefinitions.Steps - Test Message of log
2021-04-05 12:59:00,507 [main] INFO stepDefinitions.Steps - Test Message of log
2021-04-05 13:03:51,143 [main] INFO stepDefinitions.Steps - Test Message of log
2021-04-05 13:03:53,990 [main] INFO stepDefinitions.Steps - User Open the browser...
2021-04-05 13:03:55,084 [main] INFO stepDefinitions.Steps - User Open the url from browser...
2021-04-05 13:03:55,875 [main] INFO stepDefinitions.Steps - User key in destination...
2021-04-05 13:03:58,934 [main] INFO stepDefinitions.Steps - User click direction...
2021-04-05 13:03:59,344 [main] INFO stepDefinitions.Steps - User key on starting point...
2021-04-05 13:04:09,565 [main] INFO stepDefinitions.Steps - Test Message of log
2021-04-05 13:04:11,423 [main] INFO stepDefinitions.Steps - User Open the browser...
2021-04-05 13:04:12,539 [main] INFO stepDefinitions.Steps - User Open the url from browser...
2021-04-05 13:04:13,260 [main] INFO stepDefinitions.Steps - User key in destination...
2021-04-05 13:04:15,901 [main] INFO stepDefinitions.Steps - User click direction...
2021-04-05 13:04:16,297 [main] INFO stepDefinitions.Steps - User key on starting point...
2021-04-05 13:04:16,509 [main] INFO stepDefinitions.Steps - User key on travel mode...
2021-04-05 13:04:17,404 [main] INFO pageObjects.GoogleMapPage - Time Details :16 min
2021-04-05 13:04:17,514 [main] INFO pageObjects.GoogleMapPage - Route Details :Fastest route, despite the usual traffic
2021-04-05 13:04:17,579 [main] INFO pageObjects.GoogleMapPage - Traffic Details :via Lower Delta Rd
2021-04-05 13:04:17,579 [main] INFO pageObjects.GoogleMapPage - assertion Value :true
2021-04-05 13:04:17,582 [main] INFO stepDefinitions.Steps - Verify the search results..
